{"/home/lnunez-t/Documents/POST-CC/Perso/Kuu/bid_app/src/controllers/bidController.ts": {"path":"/home/lnunez-t/Documents/POST-CC/Perso/Kuu/bid_app/src/controllers/bidController.ts","statementMap":{"0":{"start":{"line":2,"column":0},"end":{"line":2,"column":70}},"1":{"start":{"line":3,"column":0},"end":{"line":3,"column":60}},"2":{"start":{"line":5,"column":23},"end":{"line":32,"column":1}},"3":{"start":{"line":6,"column":17},"end":{"line":6,"column":42}},"4":{"start":{"line":9,"column":2},"end":{"line":11,"column":3}},"5":{"start":{"line":10,"column":4},"end":{"line":10,"column":51}},"6":{"start":{"line":13,"column":21},"end":{"line":13,"column":41}},"7":{"start":{"line":14,"column":2},"end":{"line":16,"column":3}},"8":{"start":{"line":15,"column":4},"end":{"line":15,"column":59}},"9":{"start":{"line":18,"column":17},"end":{"line":18,"column":43}},"10":{"start":{"line":19,"column":2},"end":{"line":21,"column":3}},"11":{"start":{"line":20,"column":4},"end":{"line":20,"column":62}},"12":{"start":{"line":23,"column":19},"end":{"line":23,"column":39}},"13":{"start":{"line":24,"column":2},"end":{"line":26,"column":3}},"14":{"start":{"line":25,"column":4},"end":{"line":25,"column":53}},"15":{"start":{"line":28,"column":2},"end":{"line":28,"column":38}},"16":{"start":{"line":31,"column":2},"end":{"line":31,"column":32}},"17":{"start":{"line":5,"column":13},"end":{"line":5,"column":23}},"18":{"start":{"line":34,"column":26},"end":{"line":41,"column":1}},"19":{"start":{"line":35,"column":17},"end":{"line":35,"column":44}},"20":{"start":{"line":36,"column":2},"end":{"line":38,"column":3}},"21":{"start":{"line":37,"column":4},"end":{"line":37,"column":51}},"22":{"start":{"line":39,"column":15},"end":{"line":39,"column":40}},"23":{"start":{"line":40,"column":2},"end":{"line":40,"column":36}},"24":{"start":{"line":34,"column":13},"end":{"line":34,"column":26}}},"fnMap":{"0":{"name":"(anonymous_0)","decl":{"start":{"line":5,"column":23},"end":{"line":5,"column":24}},"loc":{"start":{"line":5,"column":55},"end":{"line":32,"column":1}}},"1":{"name":"(anonymous_1)","decl":{"start":{"line":34,"column":26},"end":{"line":34,"column":27}},"loc":{"start":{"line":34,"column":68},"end":{"line":41,"column":1}}}},"branchMap":{"0":{"loc":{"start":{"line":9,"column":2},"end":{"line":11,"column":3}},"type":"if","locations":[{"start":{"line":9,"column":2},"end":{"line":11,"column":3}},{"start":{},"end":{}}]},"1":{"loc":{"start":{"line":9,"column":6},"end":{"line":9,"column":64}},"type":"binary-expr","locations":[{"start":{"line":9,"column":6},"end":{"line":9,"column":31}},{"start":{"line":9,"column":35},"end":{"line":9,"column":45}},{"start":{"line":9,"column":49},"end":{"line":9,"column":64}}]},"2":{"loc":{"start":{"line":14,"column":2},"end":{"line":16,"column":3}},"type":"if","locations":[{"start":{"line":14,"column":2},"end":{"line":16,"column":3}},{"start":{},"end":{}}]},"3":{"loc":{"start":{"line":14,"column":6},"end":{"line":14,"column":51}},"type":"binary-expr","locations":[{"start":{"line":14,"column":6},"end":{"line":14,"column":17}},{"start":{"line":14,"column":21},"end":{"line":14,"column":51}}]},"4":{"loc":{"start":{"line":19,"column":2},"end":{"line":21,"column":3}},"type":"if","locations":[{"start":{"line":19,"column":2},"end":{"line":21,"column":3}},{"start":{},"end":{}}]},"5":{"loc":{"start":{"line":24,"column":2},"end":{"line":26,"column":3}},"type":"if","locations":[{"start":{"line":24,"column":2},"end":{"line":26,"column":3}},{"start":{},"end":{}}]},"6":{"loc":{"start":{"line":36,"column":2},"end":{"line":38,"column":3}},"type":"if","locations":[{"start":{"line":36,"column":2},"end":{"line":38,"column":3}},{"start":{},"end":{}}]}},"s":{"0":1,"1":1,"2":1,"3":6,"4":6,"5":1,"6":5,"7":5,"8":1,"9":4,"10":4,"11":1,"12":3,"13":3,"14":2,"15":1,"16":1,"17":1,"18":1,"19":2,"20":2,"21":1,"22":1,"23":1,"24":1},"f":{"0":6,"1":2},"b":{"0":[1,5],"1":[6,5,5],"2":[1,4],"3":[5,4],"4":[1,3],"5":[2,1],"6":[1,1]}}
,"/home/lnunez-t/Documents/POST-CC/Perso/Kuu/bid_app/src/routes/bidRoutes.ts": {"path":"/home/lnunez-t/Documents/POST-CC/Perso/Kuu/bid_app/src/routes/bidRoutes.ts","statementMap":{"0":{"start":{"line":1,"column":0},"end":{"line":1,"column":30}},"1":{"start":{"line":2,"column":0},"end":{"line":2,"column":65}},"2":{"start":{"line":4,"column":15},"end":{"line":4,"column":31}},"3":{"start":{"line":6,"column":0},"end":{"line":6,"column":37}},"4":{"start":{"line":7,"column":0},"end":{"line":7,"column":46}},"5":{"start":{"line":9,"column":0},"end":{"line":9,"column":22}}},"fnMap":{},"branchMap":{},"s":{"0":1,"1":1,"2":1,"3":1,"4":1,"5":1},"f":{},"b":{}}
,"/home/lnunez-t/Documents/POST-CC/Perso/Kuu/bid_app/src/services/bidService.ts": {"path":"/home/lnunez-t/Documents/POST-CC/Perso/Kuu/bid_app/src/services/bidService.ts","statementMap":{"0":{"start":{"line":1,"column":13},"end":{"line":1,"column":51}},"1":{"start":{"line":3,"column":25},"end":{"line":12,"column":1}},"2":{"start":{"line":4,"column":2},"end":{"line":6,"column":3}},"3":{"start":{"line":5,"column":4},"end":{"line":5,"column":32}},"4":{"start":{"line":7,"column":19},"end":{"line":7,"column":36}},"5":{"start":{"line":8,"column":18},"end":{"line":8,"column":43}},"6":{"start":{"line":9,"column":2},"end":{"line":11,"column":3}},"7":{"start":{"line":10,"column":4},"end":{"line":10,"column":30}},"8":{"start":{"line":3,"column":13},"end":{"line":3,"column":25}},"9":{"start":{"line":14,"column":33},"end":{"line":22,"column":1}},"10":{"start":{"line":15,"column":21},"end":{"line":15,"column":35}},"11":{"start":{"line":16,"column":4},"end":{"line":16,"column":29}},"12":{"start":{"line":16,"column":19},"end":{"line":16,"column":29}},"13":{"start":{"line":18,"column":4},"end":{"line":21,"column":22}},"14":{"start":{"line":19,"column":24},"end":{"line":19,"column":35}},"15":{"start":{"line":20,"column":33},"end":{"line":20,"column":72}},"16":{"start":{"line":14,"column":13},"end":{"line":14,"column":33}}},"fnMap":{"0":{"name":"(anonymous_0)","decl":{"start":{"line":3,"column":25},"end":{"line":3,"column":26}},"loc":{"start":{"line":3,"column":73},"end":{"line":12,"column":1}}},"1":{"name":"(anonymous_1)","decl":{"start":{"line":14,"column":33},"end":{"line":14,"column":34}},"loc":{"start":{"line":14,"column":76},"end":{"line":22,"column":1}}},"2":{"name":"(anonymous_2)","decl":{"start":{"line":19,"column":14},"end":{"line":19,"column":15}},"loc":{"start":{"line":19,"column":24},"end":{"line":19,"column":35}}},"3":{"name":"(anonymous_3)","decl":{"start":{"line":20,"column":13},"end":{"line":20,"column":14}},"loc":{"start":{"line":20,"column":33},"end":{"line":20,"column":72}}}},"branchMap":{"0":{"loc":{"start":{"line":4,"column":2},"end":{"line":6,"column":3}},"type":"if","locations":[{"start":{"line":4,"column":2},"end":{"line":6,"column":3}},{"start":{},"end":{}}]},"1":{"loc":{"start":{"line":8,"column":18},"end":{"line":8,"column":43}},"type":"binary-expr","locations":[{"start":{"line":8,"column":18},"end":{"line":8,"column":38}},{"start":{"line":8,"column":42},"end":{"line":8,"column":43}}]},"2":{"loc":{"start":{"line":9,"column":2},"end":{"line":11,"column":3}},"type":"if","locations":[{"start":{"line":9,"column":2},"end":{"line":11,"column":3}},{"start":{},"end":{}}]},"3":{"loc":{"start":{"line":16,"column":4},"end":{"line":16,"column":29}},"type":"if","locations":[{"start":{"line":16,"column":4},"end":{"line":16,"column":29}},{"start":{},"end":{}}]}},"s":{"0":2,"1":2,"2":26,"3":3,"4":26,"5":26,"6":26,"7":24,"8":2,"9":2,"10":6,"11":6,"12":2,"13":4,"14":21,"15":25,"16":2},"f":{"0":26,"1":6,"2":21,"3":25},"b":{"0":[3,23],"1":[26,24],"2":[24,2],"3":[2,4]}}
,"/home/lnunez-t/Documents/POST-CC/Perso/Kuu/bid_app/src/services/sessionService.ts": {"path":"/home/lnunez-t/Documents/POST-CC/Perso/Kuu/bid_app/src/services/sessionService.ts","statementMap":{"0":{"start":{"line":1,"column":0},"end":{"line":1,"column":63}},"1":{"start":{"line":3,"column":17},"end":{"line":3,"column":71}},"2":{"start":{"line":5,"column":29},"end":{"line":10,"column":1}},"3":{"start":{"line":6,"column":21},"end":{"line":6,"column":41}},"4":{"start":{"line":7,"column":20},"end":{"line":7,"column":47}},"5":{"start":{"line":8,"column":2},"end":{"line":8,"column":50}},"6":{"start":{"line":9,"column":2},"end":{"line":9,"column":20}},"7":{"start":{"line":5,"column":13},"end":{"line":5,"column":29}},"8":{"start":{"line":12,"column":30},"end":{"line":17,"column":1}},"9":{"start":{"line":13,"column":18},"end":{"line":13,"column":42}},"10":{"start":{"line":14,"column":2},"end":{"line":14,"column":62}},"11":{"start":{"line":14,"column":50},"end":{"line":14,"column":62}},"12":{"start":{"line":16,"column":2},"end":{"line":16,"column":24}},"13":{"start":{"line":12,"column":13},"end":{"line":12,"column":30}}},"fnMap":{"0":{"name":"(anonymous_0)","decl":{"start":{"line":5,"column":29},"end":{"line":5,"column":30}},"loc":{"start":{"line":5,"column":56},"end":{"line":10,"column":1}}},"1":{"name":"(anonymous_1)","decl":{"start":{"line":12,"column":30},"end":{"line":12,"column":31}},"loc":{"start":{"line":12,"column":68},"end":{"line":17,"column":1}}}},"branchMap":{"0":{"loc":{"start":{"line":14,"column":2},"end":{"line":14,"column":62}},"type":"if","locations":[{"start":{"line":14,"column":2},"end":{"line":14,"column":62}},{"start":{},"end":{}}]},"1":{"loc":{"start":{"line":14,"column":6},"end":{"line":14,"column":48}},"type":"binary-expr","locations":[{"start":{"line":14,"column":6},"end":{"line":14,"column":14}},{"start":{"line":14,"column":18},"end":{"line":14,"column":48}}]}},"s":{"0":2,"1":2,"2":2,"3":9,"4":9,"5":9,"6":9,"7":2,"8":2,"9":7,"10":7,"11":3,"12":4,"13":2},"f":{"0":9,"1":7},"b":{"0":[3,4],"1":[7,5]}}
,"/home/lnunez-t/Documents/POST-CC/Perso/Kuu/bid_app/src/utils/generateSessionKey.ts": {"path":"/home/lnunez-t/Documents/POST-CC/Perso/Kuu/bid_app/src/utils/generateSessionKey.ts","statementMap":{"0":{"start":{"line":1,"column":34},"end":{"line":3,"column":1}},"1":{"start":{"line":2,"column":4},"end":{"line":2,"column":69}},"2":{"start":{"line":1,"column":13},"end":{"line":1,"column":34}}},"fnMap":{"0":{"name":"(anonymous_0)","decl":{"start":{"line":1,"column":34},"end":{"line":1,"column":45}},"loc":{"start":{"line":1,"column":47},"end":{"line":3,"column":1}}}},"branchMap":{},"s":{"0":2,"1":9,"2":2},"f":{"0":9},"b":{}}
}
