TN:
SF:src/controllers/bidController.ts
FN:5,(anonymous_0)
FN:34,(anonymous_1)
FNF:2
FNH:2
FNDA:6,(anonymous_0)
FNDA:2,(anonymous_1)
DA:2,1
DA:3,1
DA:5,1
DA:6,6
DA:9,6
DA:10,1
DA:13,5
DA:14,5
DA:15,1
DA:18,4
DA:19,4
DA:20,1
DA:23,3
DA:24,3
DA:25,2
DA:28,1
DA:31,1
DA:34,1
DA:35,2
DA:36,2
DA:37,1
DA:39,1
DA:40,1
LF:23
LH:23
BRDA:9,0,0,1
BRDA:9,0,1,5
BRDA:9,1,0,6
BRDA:9,1,1,5
BRDA:9,1,2,5
BRDA:14,2,0,1
BRDA:14,2,1,4
BRDA:14,3,0,5
BRDA:14,3,1,4
BRDA:19,4,0,1
BRDA:19,4,1,3
BRDA:24,5,0,2
BRDA:24,5,1,1
BRDA:36,6,0,1
BRDA:36,6,1,1
BRF:15
BRH:15
end_of_record
TN:
SF:src/routes/bidRoutes.ts
FNF:0
FNH:0
DA:1,1
DA:2,1
DA:4,1
DA:6,1
DA:7,1
DA:9,1
LF:6
LH:6
BRF:0
BRH:0
end_of_record
TN:
SF:src/services/bidService.ts
FN:3,(anonymous_0)
FN:14,(anonymous_1)
FN:19,(anonymous_2)
FN:20,(anonymous_3)
FNF:4
FNH:4
FNDA:26,(anonymous_0)
FNDA:6,(anonymous_1)
FNDA:21,(anonymous_2)
FNDA:25,(anonymous_3)
DA:1,2
DA:3,2
DA:4,26
DA:5,3
DA:7,26
DA:8,26
DA:9,26
DA:10,24
DA:14,2
DA:15,6
DA:16,6
DA:18,4
DA:19,21
DA:20,25
LF:14
LH:14
BRDA:4,0,0,3
BRDA:4,0,1,23
BRDA:8,1,0,26
BRDA:8,1,1,24
BRDA:9,2,0,24
BRDA:9,2,1,2
BRDA:16,3,0,2
BRDA:16,3,1,4
BRF:8
BRH:8
end_of_record
TN:
SF:src/services/sessionService.ts
FN:5,(anonymous_0)
FN:12,(anonymous_1)
FNF:2
FNH:2
FNDA:9,(anonymous_0)
FNDA:7,(anonymous_1)
DA:1,2
DA:3,2
DA:5,2
DA:6,9
DA:7,9
DA:8,9
DA:9,9
DA:12,2
DA:13,7
DA:14,7
DA:16,4
LF:11
LH:11
BRDA:14,0,0,3
BRDA:14,0,1,4
BRDA:14,1,0,7
BRDA:14,1,1,5
BRF:4
BRH:4
end_of_record
TN:
SF:src/utils/generateSessionKey.ts
FN:1,(anonymous_0)
FNF:1
FNH:1
FNDA:9,(anonymous_0)
DA:1,2
DA:2,9
LF:2
LH:2
BRF:0
BRH:0
end_of_record
